<?xml version="1.0" encoding="UTF-8"?>
<!-- Generated by org.testng.reporters.JUnitReportReporter -->
<testsuite skipped="0" hostname="DESKTOP-LRPC74Q" name="tests.SanityAddProductToCart" tests="4" failures="0" timestamp="2021-03-02T19:32:53 IST" time="12.189" errors="0">
  <testcase name="serachProduct" time="5.944" classname="tests.SanityAddProductToCart"/>
  <system-out/>
  <testcase name="getIntoProduct" time="4.641" classname="tests.SanityAddProductToCart"/>
  <system-out/>
  <testcase name="editProduct" time="0.840" classname="tests.SanityAddProductToCart"/>
  <system-out/>
  <testcase name="addProductToCart" time="0.764" classname="tests.SanityAddProductToCart"/>
  <system-out/>
</testsuite> <!-- tests.SanityAddProductToCart -->
