<?xml version="1.0" encoding="UTF-8"?>
<!-- Generated by org.testng.reporters.JUnitReportReporter -->
<testsuite skipped="0" hostname="DESKTOP-LRPC74Q" name="tests.SanityAddProductToCart" tests="2" failures="0" timestamp="2021-03-02T18:59:00 IST" time="12.669" errors="0">
  <testcase name="serachProduct" time="6.396" classname="tests.SanityAddProductToCart"/>
  <system-out/>
  <testcase name="getIntoProduct" time="6.273" classname="tests.SanityAddProductToCart"/>
  <system-out/>
</testsuite> <!-- tests.SanityAddProductToCart -->
